<?xml version="1.0" encoding="UTF-8"?>
<testng-results skipped="0" failed="0" ignored="0" total="1" passed="1">
  <reporter-output>
  </reporter-output>
  <suite name="Surefire suite" duration-ms="77" started-at="2020-04-05T16:20:04Z" finished-at="2020-04-05T16:20:04Z">
    <groups>
    </groups>
    <test name="Surefire test" duration-ms="77" started-at="2020-04-05T16:20:04Z" finished-at="2020-04-05T16:20:04Z">
      <class name="org.example.AppTest">
        <test-method status="PASS" signature="shouldAnswerWithTrue()" name="shouldAnswerWithTrue" duration-ms="6" started-at="2020-04-05T16:20:04Z" finished-at="2020-04-05T16:20:04Z">
          <reporter-output>
          </reporter-output>
        </test-method> <!-- shouldAnswerWithTrue -->
      </class> <!-- org.example.AppTest -->
    </test> <!-- Surefire test -->
  </suite> <!-- Surefire suite -->
</testng-results>
