<?xml version="1.0" encoding="UTF-8"?>
<!-- Generated by org.testng.reporters.JUnitXMLReporter -->
<testsuite hostname="DBZ7FSN2" ignored="0" name="Surefire test" tests="6" failures="1" timestamp="03 Apr 2020 08:38:53 GMT" time="0.061" errors="0">
  <testcase name="TestCase1" time="0.0" classname="com.fico.tests.TestClass1"/>
  <testcase name="TestCase1" time="0.0" classname="com.fico.tests.TestClass1"/>
  <testcase name="TestCase1" time="0.0" classname="com.fico.tests.TestClass1"/>
  <testcase name="TestCase2" time="0.0" classname="com.fico.tests.TestClass1"/>
  <testcase name="testCase3" time="0.001" classname="com.fico.tests.TestClass2">
    <failure type="java.lang.RuntimeException">
      <![CDATA[java.lang.RuntimeException
at com.fico.tests.TestClass2.testCase3(TestClass2.java:9)
... Removed 30 stack frames]]>
    </failure>
  </testcase> <!-- testCase3 -->
  <testcase name="testCase4" time="0.0" classname="com.fico.tests.TestClass2"/>
</testsuite> <!-- Surefire test -->
